<?xml version="1.0" encoding="UTF-8"?>
<testng-results ignored="0" total="1" passed="1" failed="0" skipped="0">
  <reporter-output>
  </reporter-output>
  <suite started-at="2022-10-03T21:30:19 IST" name="Default suite" finished-at="2022-10-03T21:30:41 IST" duration-ms="22569">
    <groups>
    </groups>
    <test started-at="2022-10-03T21:30:19 IST" name="Default test" finished-at="2022-10-03T21:30:41 IST" duration-ms="22569">
      <class name="test.test2">
        <test-method is-config="true" signature="openbrowser()[pri:0, instance:test.test2@6fd83fc1]" started-at="2022-10-03T21:30:19 IST" name="openbrowser" finished-at="2022-10-03T21:30:29 IST" duration-ms="9825" status="PASS">
          <reporter-output>
          </reporter-output>
        </test-method> <!-- openbrowser -->
        <test-method is-config="true" signature="createnewacc()[pri:0, instance:test.test2@6fd83fc1]" started-at="2022-10-03T21:30:29 IST" name="createnewacc" finished-at="2022-10-03T21:30:41 IST" duration-ms="12661" status="PASS">
          <reporter-output>
          </reporter-output>
        </test-method> <!-- createnewacc -->
        <test-method signature="verify()[pri:0, instance:test.test2@6fd83fc1]" started-at="2022-10-03T21:30:41 IST" name="verify" finished-at="2022-10-03T21:30:41 IST" duration-ms="5" status="PASS">
          <reporter-output>
          </reporter-output>
        </test-method> <!-- verify -->
        <test-method is-config="true" signature="logout(org.testng.ITestResult)[pri:0, instance:test.test2@6fd83fc1]" started-at="2022-10-03T21:30:41 IST" name="logout" finished-at="2022-10-03T21:30:41 IST" duration-ms="5" status="PASS">
          <params>
            <param index="0">
              <value>
                <![CDATA[[TestResult name=verify status=SUCCESS method=test2.verify()[pri:0, instance:test.test2@6fd83fc1] output={null}]]]>
              </value>
            </param>
          </params>
          <reporter-output>
          </reporter-output>
        </test-method> <!-- logout -->
        <test-method is-config="true" signature="closebrowser()[pri:0, instance:test.test2@6fd83fc1]" started-at="2022-10-03T21:30:41 IST" name="closebrowser" finished-at="2022-10-03T21:30:41 IST" duration-ms="0" status="PASS">
          <reporter-output>
          </reporter-output>
        </test-method> <!-- closebrowser -->
      </class> <!-- test.test2 -->
    </test> <!-- Default test -->
  </suite> <!-- Default suite -->
</testng-results>
